#
# There is insufficient memory for the Java Runtime Environment to continue.
# Native memory allocation (mmap) failed to map 167772160 bytes for G1 virtual space
# Possible reasons:
#   The system is out of physical RAM or swap space
#   The process is running with CompressedOops enabled, and the Java Heap may be blocking the growth of the native heap
# Possible solutions:
#   Reduce memory load on the system
#   Increase physical memory or swap space
#   Check if swap backing store is full
#   Decrease Java heap size (-Xmx/-Xms)
#   Decrease number of Java threads
#   Decrease Java thread stack sizes (-Xss)
#   Set larger code cache with -XX:ReservedCodeCacheSize=
#   JVM is running with Zero Based Compressed Oops mode in which the Java heap is
#     placed in the first 32GB address space. The Java Heap base address is the
#     maximum limit for the native heap growth. Please use -XX:HeapBaseMinAddress
#     to set the Java Heap base and to place the Java Heap above 32GB virtual address.
# This output file may be truncated or incomplete.
#
#  Out of Memory Error (os_windows.cpp:3530), pid=18368, tid=15852
#
# JRE version:  (18.0.2+9) (build )
# Java VM: Java HotSpot(TM) 64-Bit Server VM (18.0.2+9-61, mixed mode, emulated-client, sharing, tiered, compressed oops, compressed class ptrs, g1 gc, windows-amd64)
# No core dump will be written. Minidumps are not enabled by default on client versions of Windows
#

---------------  S U M M A R Y ------------

Command Line: -Dcom.sun.management.jmxremote -Dcom.sun.management.jmxremote.port=51036 -Dcom.sun.management.jmxremote.authenticate=false -Dcom.sun.management.jmxremote.ssl=false -Djava.rmi.server.hostname=localhost -Dspring.jmx.enabled=true -Dspring.application.admin.enabled=true -XX:TieredStopAtLevel=1 -Dspring.boot.project.name=hr_backend -Dfile.encoding=UTF-8 -XX:+ShowCodeDetailsInExceptionMessages com.hr.springboot.HrBackendApplication --spring.output.ansi.enabled=always

Host: Intel(R) Core(TM) i7-3770 CPU @ 3.40GHz, 8 cores, 9G,  Windows 10 , 64 bit Build 19041 (10.0.19041.1503)
Time: Thu Feb  2 22:44:08 2023 Morocco Standard Time elapsed time: 0.019543 seconds (0d 0h 0m 0s)

---------------  T H R E A D  ---------------

Current thread (0x000001db0cee8840):  JavaThread "Unknown thread" [_thread_in_vm, id=15852, stack(0x000000ac8c700000,0x000000ac8c800000)]

Stack: [0x000000ac8c700000,0x000000ac8c800000]
Native frames: (J=compiled Java code, j=interpreted, Vv=VM code, C=native code)
V  [jvm.dll+0x6993ca]
V  [jvm.dll+0x7f481d]
V  [jvm.dll+0x7f612e]
V  [jvm.dll+0x7f67e3]
V  [jvm.dll+0x25cdaf]
V  [jvm.dll+0x696319]
V  [jvm.dll+0x68ae4a]
V  [jvm.dll+0x3223eb]
V  [jvm.dll+0x329dc6]
V  [jvm.dll+0x37eade]
V  [jvm.dll+0x37ed0f]
V  [jvm.dll+0x2fa16a]
V  [jvm.dll+0x2fb1cd]
V  [jvm.dll+0x7c3450]
V  [jvm.dll+0x38be61]
V  [jvm.dll+0x7a2073]
V  [jvm.dll+0x40dc3f]
V  [jvm.dll+0x40f611]
C  [jli.dll+0x526b]
C  [ucrtbase.dll+0x21bb2]
C  [KERNEL32.DLL+0x17034]
C  [ntdll.dll+0x52651]


---------------  P R O C E S S  ---------------

Threads class SMR info:
_java_thread_list=0x00007ffe2342e550, length=0, elements={
}

Java Threads: ( => current thread )

Other Threads:
  0x000001db0cf3b170 WorkerThread "GC Thread#0" [stack: 0x000000ac8c800000,0x000000ac8c900000] [id=2540]
  0x000001db0cf486b0 ConcurrentGCThread "G1 Main Marker" [stack: 0x000000ac8c900000,0x000000ac8ca00000] [id=19068]
  0x000001db0cf48fb0 WorkerThread "G1 Conc#0" [stack: 0x000000ac8ca00000,0x000000ac8cb00000] [id=19700]

[error occurred during error reporting (printing all threads), id 0xc0000005, EXCEPTION_ACCESS_VIOLATION (0xc0000005) at pc=0x00007ffe22c5a707]

VM state: not at safepoint (not fully initialized)

VM Mutex/Monitor currently owned by a thread:  ([mutex/lock_event])
[0x000001db0cee1e00] Heap_lock - owner thread: 0x000001db0cee8840

Heap address: 0x0000000760c00000, size: 2548 MB, Compressed Oops mode: Zero based, Oop shift amount: 3

CDS archive(s) mapped at: [0x0000000000000000-0x0000000000000000-0x0000000000000000), size 0, SharedBaseAddress: 0x0000000800000000, ArchiveRelocationMode: 0.
Narrow klass base: 0x0000000000000000, Narrow klass shift: 0, Narrow klass range: 0x0

GC Precious Log:
 CardTable entry size: 512
 Card Set container configuration: InlinePtr #cards 4 size 8 Array Of Cards #cards 16 size 48 Howl #buckets 8 coarsen threshold 3686 Howl Bitmap #cards 512 size 80 coarsen threshold 460 Card regions per heap region 1 cards per card region 4096

Heap:
 garbage-first heap   total 0K, used 0K [0x0000000760c00000, 0x0000000800000000)
  region size 2048K, 0 young (0K), 0 survivors (0K)

[error occurred during error reporting (printing heap information), id 0xc0000005, EXCEPTION_ACCESS_VIOLATION (0xc0000005) at pc=0x00007ffe23041859]

GC Heap History (0 events):
No events

Deoptimization events (0 events):
No events

Classes loaded (0 events):
No events

Classes unloaded (0 events):
No events

Classes redefined (0 events):
No events

Internal exceptions (0 events):
No events

VM Operations (0 events):
No events

Events (1 events):
Event: 0.013 Loaded shared library C:\Program Files\Java\jdk-18.0.2\bin\java.dll


Dynamic libraries:
0x00007ff684e10000 - 0x00007ff684e20000 	C:\Program Files\Java\jdk-18.0.2\bin\javaw.exe
0x00007ffe98830000 - 0x00007ffe98a25000 	C:\WINDOWS\SYSTEM32\ntdll.dll
0x00007ffe97570000 - 0x00007ffe9762e000 	C:\WINDOWS\System32\KERNEL32.DLL
0x00007ffe95f70000 - 0x00007ffe96238000 	C:\WINDOWS\System32\KERNELBASE.dll
0x00007ffe96270000 - 0x00007ffe96370000 	C:\WINDOWS\System32\ucrtbase.dll
0x00007ffe630f0000 - 0x00007ffe63108000 	C:\Program Files\Java\jdk-18.0.2\bin\jli.dll
0x00007ffe630d0000 - 0x00007ffe630ea000 	C:\Program Files\Java\jdk-18.0.2\bin\VCRUNTIME140.dll
0x00007ffe96880000 - 0x00007ffe9692e000 	C:\WINDOWS\System32\ADVAPI32.dll
0x00007ffe97f80000 - 0x00007ffe9801e000 	C:\WINDOWS\System32\msvcrt.dll
0x00007ffe980b0000 - 0x00007ffe9814c000 	C:\WINDOWS\System32\sechost.dll
0x00007ffe973e0000 - 0x00007ffe97505000 	C:\WINDOWS\System32\RPCRT4.dll
0x00007ffe97dd0000 - 0x00007ffe97f70000 	C:\WINDOWS\System32\USER32.dll
0x00007ffe82270000 - 0x00007ffe8250a000 	C:\WINDOWS\WinSxS\amd64_microsoft.windows.common-controls_6595b64144ccf1df_6.0.19041.1110_none_60b5254171f9507e\COMCTL32.dll
0x00007ffe95f40000 - 0x00007ffe95f62000 	C:\WINDOWS\System32\win32u.dll
0x00007ffe97730000 - 0x00007ffe9775b000 	C:\WINDOWS\System32\GDI32.dll
0x00007ffe96610000 - 0x00007ffe9671d000 	C:\WINDOWS\System32\gdi32full.dll
0x00007ffe96370000 - 0x00007ffe9640d000 	C:\WINDOWS\System32\msvcp_win.dll
0x00007ffe8f400000 - 0x00007ffe8f40a000 	C:\WINDOWS\SYSTEM32\VERSION.dll
0x00007ffe97da0000 - 0x00007ffe97dd0000 	C:\WINDOWS\System32\IMM32.DLL
0x00007ffe87040000 - 0x00007ffe8704c000 	C:\Program Files\Java\jdk-18.0.2\bin\vcruntime140_1.dll
0x00007ffe63040000 - 0x00007ffe630cd000 	C:\Program Files\Java\jdk-18.0.2\bin\msvcp140.dll
0x00007ffe22950000 - 0x00007ffe23561000 	C:\Program Files\Java\jdk-18.0.2\bin\server\jvm.dll
0x00007ffe97f70000 - 0x00007ffe97f78000 	C:\WINDOWS\System32\PSAPI.DLL
0x00007ffe837e0000 - 0x00007ffe837e9000 	C:\WINDOWS\SYSTEM32\WSOCK32.dll
0x00007ffe89bc0000 - 0x00007ffe89be7000 	C:\WINDOWS\SYSTEM32\WINMM.dll
0x00007ffe97760000 - 0x00007ffe977cb000 	C:\WINDOWS\System32\WS2_32.dll
0x00007ffe94810000 - 0x00007ffe94822000 	C:\WINDOWS\SYSTEM32\kernel.appcore.dll
0x00007ffe84870000 - 0x00007ffe8487a000 	C:\Program Files\Java\jdk-18.0.2\bin\jimage.dll
0x00007ffe93cb0000 - 0x00007ffe93e94000 	C:\WINDOWS\SYSTEM32\DBGHELP.DLL
0x00007ffe82870000 - 0x00007ffe8289c000 	C:\WINDOWS\SYSTEM32\dbgcore.DLL
0x00007ffe96410000 - 0x00007ffe96492000 	C:\WINDOWS\System32\bcryptPrimitives.dll
0x00007ffe60a90000 - 0x00007ffe60ab5000 	C:\Program Files\Java\jdk-18.0.2\bin\java.dll

dbghelp: loaded successfully - version: 4.0.5 - missing functions: none
symbol engine: initialized successfully - sym options: 0x614 - pdb path: .;C:\Program Files\Java\jdk-18.0.2\bin;C:\WINDOWS\SYSTEM32;C:\WINDOWS\WinSxS\amd64_microsoft.windows.common-controls_6595b64144ccf1df_6.0.19041.1110_none_60b5254171f9507e;C:\Program Files\Java\jdk-18.0.2\bin\server

VM Arguments:
jvm_args: -Dcom.sun.management.jmxremote -Dcom.sun.management.jmxremote.port=51036 -Dcom.sun.management.jmxremote.authenticate=false -Dcom.sun.management.jmxremote.ssl=false -Djava.rmi.server.hostname=localhost -Dspring.jmx.enabled=true -Dspring.application.admin.enabled=true -XX:TieredStopAtLevel=1 -Dspring.boot.project.name=hr_backend -Dfile.encoding=UTF-8 -XX:+ShowCodeDetailsInExceptionMessages 
java_command: com.hr.springboot.HrBackendApplication --spring.output.ansi.enabled=always
java_class_path (initial): C:\Users\Speedlight\Desktop\ensam rh\ensam_HR\backend\hr_backend\target\classes;C:\Users\Speedlight\.m2\repository\org\springframework\boot\spring-boot-starter\2.4.5\spring-boot-starter-2.4.5.jar;C:\Users\Speedlight\.m2\repository\org\springframework\boot\spring-boot\2.4.5\spring-boot-2.4.5.jar;C:\Users\Speedlight\.m2\repository\org\springframework\spring-context\5.3.6\spring-context-5.3.6.jar;C:\Users\Speedlight\.m2\repository\org\springframework\boot\spring-boot-autoconfigure\2.4.5\spring-boot-autoconfigure-2.4.5.jar;C:\Users\Speedlight\.m2\repository\org\springframework\boot\spring-boot-starter-logging\2.4.5\spring-boot-starter-logging-2.4.5.jar;C:\Users\Speedlight\.m2\repository\ch\qos\logback\logback-classic\1.2.3\logback-classic-1.2.3.jar;C:\Users\Speedlight\.m2\repository\ch\qos\logback\logback-core\1.2.3\logback-core-1.2.3.jar;C:\Users\Speedlight\.m2\repository\org\apache\logging\log4j\log4j-to-slf4j\2.13.3\log4j-to-slf4j-2.13.3.jar;C:\Users\Speedlight\.m2\repository\org\apache\logging\log4j\log4j-api\2.13.3\log4j-api-2.13.3.jar;C:\Users\Speedlight\.m2\repository\org\slf4j\jul-to-slf4j\1.7.30\jul-to-slf4j-1.7.30.jar;C:\Users\Speedlight\.m2\repository\jakarta\annotation\jakarta.annotation-api\1.3.5\jakarta.annotation-api-1.3.5.jar;C:\Users\Speedlight\.m2\repository\org\springframework\spring-core\5.3.6\spring-core-5.3.6.jar;C:\Users\Speedlight\.m2\repository\org\springframework\spring-jcl\5.3.6\spring-jcl-5.3.6.jar;C:\Users\Speedlight\.m2\repository\org\yaml\snakeyaml\1.27\snakeyaml-1.27.jar;C:\Users\Speedlight\.m2\repository\jakarta\xml\bind\jakarta.xml.bind-api\2.3.3\jakarta.xml.bind-api-2.3.3.jar;C:\Users\Speedlight\.m2\repository\jakarta\activation\jakarta.activation-api\1.2.2\jakarta.activation-api-1.2.2.jar;C:\Users\Speedlight\.m2\repository\net\bytebuddy\byte-buddy\1.10.22\byte-buddy-1.10.22.jar;C:\Users\Speedlight\.m2\repository\org\springframework\boot\spring-boot-starter-data-jpa\2.4.5\spring-boot-starter-data-jpa-2.4.5.jar;C:\Users\Speedlight\.m2\repository\org\springframework\boot\spring-boot-starter-aop\2.4.5\spring-boot-starter-aop-2.4.5.jar;C:\Users\Speedlight\.m2\repository\org\aspectj\aspectjweaver\1.9.6\aspectjweaver-1.9.6.jar;C:\Users\Speedlight\.m2\repository\org\springframework\boot\spring-boot-starter-jdbc\2.4.5\spring-boot-starter-jdbc-2.4.5.jar;C:\Users\Speedlight\.m2\repository\com\zaxxer\HikariCP\3.4.5\HikariCP-3.4.5.jar;C:\Users\Speedlight\.m2\repository\org\springframework\spring-jdbc\5.3.6\spring-jdbc-5.3.6.jar;C:\Users\Speedlight\.m2\repository\jakarta\transaction\jakarta.transaction-api\1.3.3\jakarta.transaction-api-1.3.3.jar;C:\Users\Speedlight\.m2\repository\jakarta\persistence\jakarta.persistence-api\2.2.3\jakarta.persistence-api-2.2.3.jar;C:\Users\Speedlight\.m2\repository\org\hibernate\hibernate-core\5.4.30.Final\hibernate-core-5.4.30.Final.jar;C:\Users\Speedlight\.m2\repository\org\jboss\logging\jboss-logging\3.4.1.Final\jboss-logging-3.4.1.Final.jar;C:\Users\Speedlight\.m2\repository\org\javassist\javassist\3.27.0-GA\javassist-3.27.0-GA.jar;C:\Users\Speedlight\.m2\repository\antlr\antlr\2.7.7\antlr-2.7.7.jar;C:\Users\Speedlight\.m2\repository\org\jboss\jandex\2.2.3.Final\jandex-2.2.3.Final.jar;C:\Users\Speedlight\.m2\repository\com\fasterxml\classmate\1.5.1\classmate-1.5.1.jar;C:\Users\Speedlight\.m2\repository\org\dom4j\dom4j\2.1.3\dom4j-2.1.3.jar;C:\Users\Speedlight\.m2\repository\org\hibernate\common\hibernate-commons-annotations\5.1.2.Final\hibernate-commons-annotations-5.1.2.Final.jar;C:\Users\Speedlight\.m2\repository\org\glassfish\jaxb\jaxb-runtime\2.3.4\jaxb-runtime-2.3.4.jar;C:\Users\Speedlight\.m2\repository\org\glassfish\jaxb\txw2\2.3.4\txw2-2.3.4.jar;C:\Users\Speedlight\.m2\repository\com\sun\istack\istack-commons-runtime\3.0.12\istack-commons-runtime-3.0.12.jar;C:\Users\Speedlight\.m2\repository\com\sun\activation\jakarta.activation\1.2.2\jakarta.activation-1.2.2.jar;C:\Users\Speedlight\.m2\repository\org\springframework\data\spring-data-jpa\2.4.8\spring-data-jpa-2.4.8.jar;C:\Users\Speedlight\.m2\repository\org\springframework\data\spring-data-commons\2.4.8\spring-data-commons-2.4.8.jar;C:\Users\Speedlight\.m2\repository\org\springframework\spring-orm\5.3.6\spring-orm-5.3.6.jar;C:\Users\Speedlight\.m2\repository\org\springframework\spring-tx\5.3.6\spring-tx-5.3.6.jar;C:\Users\Speedlight\.m2\repository\org\springframework\spring-beans\5.3.6\spring-beans-5.3.6.jar;C:\Users\Speedlight\.m2\repository\org\springframework\spring-aspects\5.3.6\spring-aspects-5.3.6.jar;C:\Users\Speedlight\.m2\repository\org\springframework\boot\spring-boot-starter-web\2.4.5\spring-boot-starter-web-2.4.5.jar;C:\Users\Speedlight\.m2\repository\org\springframework\boot\spring-boot-starter-json\2.4.5\spring-boot-starter-json-2.4.5.jar;C:\Users\Speedlight\.m2\repository\com\fasterxml\jackson\datatype\jackson-datatype-jdk8\2.11.4\jackson-datatype-jdk8-2.11.4.jar;C:\Users\Speedlight\.m2\repository\com\fasterxml\jackson\datatype\jackson-datatype-jsr310\2.11.4\jackson-datatype-jsr310-2.11.4.jar;C:\Users\Speedlight\.m2\repository\com\fasterxml\jackson\module\jackson-module-parameter-names\2.11.4\jackson-module-parameter-names-2.11.4.jar;C:\Users\Speedlight\.m2\repository\org\springframework\boot\spring-boot-starter-tomcat\2.4.5\spring-boot-starter-tomcat-2.4.5.jar;C:\Users\Speedlight\.m2\repository\org\apache\tomcat\embed\tomcat-embed-core\9.0.45\tomcat-embed-core-9.0.45.jar;C:\Users\Speedlight\.m2\repository\org\glassfish\jakarta.el\3.0.3\jakarta.el-3.0.3.jar;C:\Users\Speedlight\.m2\repository\org\apache\tomcat\embed\tomcat-embed-websocket\9.0.45\tomcat-embed-websocket-9.0.45.jar;C:\Users\Speedlight\.m2\repository\org\springframework\spring-web\5.3.6\spring-web-5.3.6.jar;C:\Users\Speedlight\.m2\repository\org\springframework\spring-webmvc\5.3.6\spring-webmvc-5.3.6.jar;C:\Users\Speedlight\.m2\repository\org\springframework\spring-expression\5.3.6\spring-expression-5.3.6.jar;C:\Users\Speedlight\.m2\repository\mysql\mysql-connector-java\8.0.23\mysql-connector-java-8.0.23.jar;C:\Users\Speedlight\.m2\repository\org\springframework\boot\spring-boot-starter-security\2.4.5\spring-boot-starter-security-2.4.5.jar;C:\Users\Speedlight\.m2\repository\org\springframework\spring-aop\5.3.6\spring-aop-5.3.6.jar;C:\Users\Speedlight\.m2\repository\org\springframework\security\spring-security-config\5.4.6\spring-security-config-5.4.6.jar;C:\Users\Speedlight\.m2\repository\org\springframework\security\spring-security-core\5.4.6\spring-security-core-5.4.6.jar;C:\Users\Speedlight\.m2\repository\org\springframework\security\spring-security-web\5.4.6\spring-security-web-5.4.6.jar;C:\Users\Speedlight\.m2\repository\io\jsonwebtoken\jjwt\0.9.1\jjwt-0.9.1.jar;C:\Users\Speedlight\.m2\repository\com\fasterxml\jackson\core\jackson-databind\2.11.4\jackson-databind-2.11.4.jar;C:\Users\Speedlight\.m2\repository\com\fasterxml\jackson\core\jackson-annotations\2.11.4\jackson-annotations-2.11.4.jar;C:\Users\Speedlight\.m2\repository\com\fasterxml\jackson\core\jackson-core\2.11.4\jackson-core-2.11.4.jar;C:\Users\Speedlight\.m2\repository\org\docx4j\docx4j\3.2.1\docx4j-3.2.1.jar;C:\Users\Speedlight\.m2\repository\org\plutext\jaxb-svg11\1.0.2\jaxb-svg11-1.0.2.jar;C:\Users\Speedlight\.m2\repository\org\plutext\jaxb-xslfo\1.0.1\jaxb-xslfo-1.0.1.jar;C:\Users\Speedlight\.m2\repository\org\plutext\jaxb-xmldsig-core\1.0.0\jaxb-xmldsig-core-1.0.0.jar;C:\Users\Speedlight\.m2\repository\net\engio\mbassador\1.1.10\mbassador-1.1.10.jar;C:\Users\Speedlight\.m2\repository\org\slf4j\slf4j-api\1.7.30\slf4j-api-1.7.30.jar;C:\Users\Speedlight\.m2\repository\org\slf4j\jcl-over-slf4j\1.7.30\jcl-over-slf4j-1.7.30.jar;C:\Users\Speedlight\.m2\repository\commons-lang\commons-lang\2.4\commons-lang-2.4.jar;C:\Users\Speedlight\.m2\repository\commons-codec\commons-codec\1.15\commons-codec-1.15.jar;C:\Users\Speedlight\.m2\repository\commons-io\commons-io\1.3.1\commons-io-1.3.1.jar;C:\Users\Speedlight\.m2\repository\org\apache\xmlgraphics\xmlgraphics-commons\1.5\xmlgraphics-commons-1.5.jar;C:\Users\Speedlight\.m2\repository\org\apache\xmlgraphics\fop\1.1\fop-1.1.jar;C:\Users\Speedlight\.m2\repository\org\apache\xmlgraphics\batik-svg-dom\1.7\batik-svg-dom-1.7.jar;C:\Users\Speedlight\.m2\repository\org\apache\xmlgraphics\batik-anim\1.7\batik-anim-1.7.jar;C:\Users\Speedlight\.m2\repository\org\apache\xmlgraphics\batik-css\1.7\batik-css-1.7.jar;C:\Users\Speedlight\.m2\repository\org\apache\xmlgraphics\batik-dom\1.7\batik-dom-1.7.jar;C:\Users\Speedlight\.m2\repository\org\apache\xmlgraphics\batik-parser\1.7\batik-parser-1.7.jar;C:\Users\Speedlight\.m2\repository\org\apache\xmlgraphics\batik-util\1.7\batik-util-1.7.jar;C:\Users\Speedlight\.m2\repository\org\apache\xmlgraphics\batik-bridge\1.7\batik-bridge-1.7.jar;C:\Users\Speedlight\.m2\repository\org\apache\xmlgraphics\batik-script\1.7\batik-script-1.7.jar;C:\Users\Speedlight\.m2\repository\org\apache\xmlgraphics\batik-js\1.7\batik-js-1.7.jar;C:\Users\Speedlight\.m2\repository\org\apache\xmlgraphics\batik-xml\1.7\batik-xml-1.7.jar;C:\Users\Speedlight\.m2\repository\org\apache\xmlgraphics\batik-awt-util\1.7\batik-awt-util-1.7.jar;C:\Users\Speedlight\.m2\repository\org\apache\xmlgraphics\batik-gvt\1.7\batik-gvt-1.7.jar;C:\Users\Speedlight\.m2\repository\org\apache\xmlgraphics\batik-transcoder\1.7\batik-transcoder-1.7.jar;C:\Users\Speedlight\.m2\repository\org\apache\xmlgraphics\batik-svggen\1.7\batik-svggen-1.7.jar;C:\Users\Speedlight\.m2\repository\org\apache\xmlgraphics\batik-extension\1.7\batik-extension-1.7.jar;C:\Users\Speedlight\.m2\repository\org\apache\xmlgraphics\batik-ext\1.7\batik-ext-1.7.jar;C:\Users\Speedlight\.m2\repository\org\apache\avalon\framework\avalon-framework-api\4.3.1\avalon-framework-api-4.3.1.jar;C:\Users\Speedlight\.m2\repository\org\apache\avalon\framework\avalon-framework-impl\4.3.1\avalon-framework-impl-4.3.1.jar;C:\Users\Speedlight\.m2\repository\xalan\xalan\2.7.1\xalan-2.7.1.jar;C:\Users\Speedlight\.m2\repository\xalan\serializer\2.7.1\serializer-2.7.1.jar;C:\Users\Speedlight\.m2\repository\net\arnx\wmf2svg\0.9.0\wmf2svg-0.9.0.jar;C:\Users\Speedlight\.m2\repository\org\apache\poi\poi-scratchpad\3.8\poi-scratchpad-3.8.jar;C:\Users\Speedlight\.m2\repository\org\apache\poi\poi\3.8\poi-3.8.jar;C:\Users\Speedlight\.m2\repository\org\antlr\antlr-runtime\3.3\antlr-runtime-3.3.jar;C:\Users\Speedlight\.m2\repository\org\antlr\stringtemplate\3.2.1\stringtemplate-3.2.1.jar;C:\Users\Speedlight\.m2\repository\com\google\guava\guava\17.0\guava-17.0.jar;C:\Users\Speedlight\.m2\repository\org\json\json\20220320\json-20220320.jar;C:\Users\Speedlight\.m2\repository\com\opencsv\opencsv\5.7.1\opencsv-5.7.1.jar;C:\Users\Speedlight\.m2\repository\org\apache\commons\commons-lang3\3.11\commons-lang3-3.11.jar;C:\Users\Speedlight\.m2\repository\org\apache\commons\commons-text\1.10.0\commons-text-1.10.0.jar;C:\Users\Speedlight\.m2\repository\commons-beanutils\commons-beanutils\1.9.4\commons-beanutils-1.9.4.jar;C:\Users\Speedlight\.m2\repository\commons-logging\commons-logging\1.2\commons-logging-1.2.jar;C:\Users\Speedlight\.m2\repository\commons-collections\commons-collections\3.2.2\commons-collections-3.2.2.jar;C:\Users\Speedlight\.m2\repository\org\apache\commons\commons-collections4\4.4\commons-collections4-4.4.jar;C:\Users\Speedlight\.m2\repository\fr\opensagres\xdocreport\org.apache.poi.xwpf.converter.pdf\1.0.0\org.apache.poi.xwpf.converter.pdf-1.0.0.jar;C:\Users\Speedlight\.m2\repository\fr\opensagres\xdocreport\org.apache.poi.xwpf.converter.core\1.0.0\org.apache.poi.xwpf.converter.core-1.0.0.jar;C:\Users\Speedlight\.m2\repository\org\apache\poi\poi-ooxml\3.8\poi-ooxml-3.8.jar;C:\Users\Speedlight\.m2\repository\dom4j\dom4j\1.6.1\dom4j-1.6.1.jar;C:\Users\Speedlight\.m2\repository\xml-apis\xml-apis\1.0.b2\xml-apis-1.0.b2.jar;C:\Users\Speedlight\.m2\repository\org\apache\poi\ooxml-schemas\1.1\ooxml-schemas-1.1.jar;C:\Users\Speedlight\.m2\repository\org\apache\xmlbeans\xmlbeans\2.3.0\xmlbeans-2.3.0.jar;C:\Users\Speedlight\.m2\repository\stax\stax-api\1.0.1\stax-api-1.0.1.jar;C:\Users\Speedlight\.m2\repository\fr\opensagres\xdocreport\fr.opensagres.xdocreport.itext.extension\1.0.0\fr.opensagres.xdocreport.itext.extension-1.0.0.jar;C:\Users\Speedlight\.m2\repository\com\lowagie\itext\2.1.7\itext-2.1.7.jar;C:\Users\Speedlight\.m2\repository\bouncycastle\bcmail-jdk14\138\bcmail-jdk14-138.jar;C:\Users\Speedlight\.m2\repository\bouncycastle\bcprov-jdk14\138\bcprov-jdk14-138.jar
Launcher Type: SUN_STANDARD

[Global flags]
     intx CICompilerCount                          = 4                                         {product} {ergonomic}
     uint ConcGCThreads                            = 2                                         {product} {ergonomic}
     uint G1ConcRefinementThreads                  = 8                                         {product} {ergonomic}
   size_t G1HeapRegionSize                         = 2097152                                   {product} {ergonomic}
    uintx GCDrainStackTargetSize                   = 64                                        {product} {ergonomic}
   size_t InitialHeapSize                          = 167772160                                 {product} {ergonomic}
     bool ManagementServer                         = true                                      {product} {command line}
   size_t MarkStackSize                            = 4194304                                   {product} {ergonomic}
   size_t MaxHeapSize                              = 2671771648                                {product} {ergonomic}
   size_t MinHeapDeltaBytes                        = 2097152                                   {product} {ergonomic}
   size_t MinHeapSize                              = 8388608                                   {product} {ergonomic}
    uintx NonProfiledCodeHeapSize                  = 0                                      {pd product} {ergonomic}
     bool ProfileInterpreter                       = false                                  {pd product} {command line}
    uintx ProfiledCodeHeapSize                     = 0                                      {pd product} {ergonomic}
     bool ShowCodeDetailsInExceptionMessages       = true                                   {manageable} {command line}
   size_t SoftMaxHeapSize                          = 2671771648                             {manageable} {ergonomic}
     intx TieredStopAtLevel                        = 1                                         {product} {command line}
     bool UseCompressedClassPointers               = true                           {product lp64_product} {ergonomic}
     bool UseCompressedOops                        = true                           {product lp64_product} {ergonomic}
     bool UseG1GC                                  = true                                      {product} {ergonomic}
     bool UseLargePagesIndividualAllocation        = false                                  {pd product} {ergonomic}

Logging:
Log output configuration:
 #0: stdout all=warning uptime,level,tags foldmultilines=false
 #1: stderr all=off uptime,level,tags foldmultilines=false

Environment Variables:
PATH=C:/Users/Speedlight/Downloads/sts-4.15.3.RELEASE//plugins/org.eclipse.justj.openjdk.hotspot.jre.full.win32.x86_64_17.0.4.v20220805-1047/jre/bin/server;C:/Users/Speedlight/Downloads/sts-4.15.3.RELEASE//plugins/org.eclipse.justj.openjdk.hotspot.jre.full.win32.x86_64_17.0.4.v20220805-1047/jre/bin;C:\Program Files (x86)\Common Files\Intel\Shared Libraries\redist\intel64\compiler;C:\Program Files\Common Files\Oracle\Java\javapath;C:\app\Speedlight\product\11.2.0\dbhome_1\bin;C:\Program Files (x86)\Common Files\Oracle\Java\javapath;C:\WINDOWS\system32;C:\WINDOWS;C:\WINDOWS\System32\Wbem;C:\WINDOWS\System32\WindowsPowerShell\v1.0\;C:\WINDOWS\System32\OpenSSH\;C:\Program Files\NVIDIA Corporation\NVIDIA NvDLISR;C:\Program Files (x86)\NVIDIA Corporation\PhysX\Common;C:\Program Files\Git\cmd;C:\Program Files\nodejs\;C:\Users\Speedlight\.cargo\bin;C:\Users\Speedlight\AppData\Local\Programs\Python\Python39\Scripts\;C:\Users\Speedlight\AppData\Local\Programs\Python\Python39\;C:\Users\Speedlight\AppData\Local\Microsoft\WindowsApps;;C:\Users\Speedlight\AppData\Local\Programs\Microsoft VS Code\bin;C:\Users\Speedlight\AppData\Roaming\npm;C:\Users\Speedlight\Downloads\sts-4.15.3.RELEASE;
USERNAME=Speedlight
OS=Windows_NT
PROCESSOR_IDENTIFIER=Intel64 Family 6 Model 58 Stepping 9, GenuineIntel



---------------  S Y S T E M  ---------------

OS:
 Windows 10 , 64 bit Build 19041 (10.0.19041.1503)
OS uptime: 6 days 5:32 hours

CPU: total 8 (initial active 8) (4 cores per cpu, 2 threads per core) family 6 model 58 stepping 9 microcode 0x21, cx8, cmov, fxsr, ht, mmx, sse, sse2, sse3, ssse3, sse4.1, sse4.2, popcnt, tsc, tscinvbit, avx, aes, erms, clmul, vzeroupper, clflush

Memory: 4k page, system-wide physical 10185M (359M free)
TotalPageFile size 29941M (AvailPageFile size 105M)
current process WorkingSet (physical memory assigned to process): 10M, peak: 10M
current process commit charge ("private bytes"): 55M, peak: 215M

vm_info: Java HotSpot(TM) 64-Bit Server VM (18.0.2+9-61) for windows-amd64 JRE (18.0.2+9-61), built on Jun  7 2022 13:09:01 by "mach5one" with MS VC++ 16.8 / 16.9 (VS2019)

END.
